<?xml version="1.0" encoding="UTF-8"?>
<!-- Generated by org.testng.reporters.JUnitReportReporter -->
<testsuite hostname="DESKTOP-D1M9H04" failures="0" tests="3" name="parallelExecution.ParallelExecution$SuiteExecution" time="32.459" errors="0" timestamp="2023-12-30T22:56:40 IST" skipped="0">
  <testcase classname="parallelExecution.ParallelExecution$SuiteExecution" name="OpenGoogle" time="9.290"/>
  <testcase classname="parallelExecution.ParallelExecution$SuiteExecution" name="Openyahoo" time="16.311"/>
  <testcase classname="parallelExecution.ParallelExecution$SuiteExecution" name="OpenBing" time="6.858"/>
</testsuite> <!-- parallelExecution.ParallelExecution$SuiteExecution -->
