<?xml version="1.0" encoding="UTF-8"?>
<!-- Generated by org.testng.reporters.JUnitReportReporter -->
<testsuite hostname="DESKTOP-D1M9H04" failures="0" tests="1" name="assertions.SoftAssertions" time="7.806" errors="0" timestamp="2023-12-30T23:12:55 IST" skipped="0">
  <testcase classname="assertions.SoftAssertions" name="softAssertion" time="7.806"/>
</testsuite> <!-- assertions.SoftAssertions -->
