<?xml version="1.0" encoding="UTF-8"?>
<!-- Generated by org.testng.reporters.JUnitReportReporter -->
<testsuite hostname="DESKTOP-D1M9H04" failures="0" tests="4" name="skipATestCase.SkipATestCase" time="37.151" errors="0" timestamp="2023-12-30T22:37:10 IST" skipped="1">
  <testcase classname="skipATestCase.SkipATestCase" name="actionClassDragAndDrop2" time="17.427"/>
  <testcase classname="skipATestCase.SkipATestCase" name="actionClassForRightClick" time="8.073"/>
  <testcase classname="skipATestCase.SkipATestCase" name="actionClassDragAndDrop" time="11.651"/>
  <testcase classname="skipATestCase.SkipATestCase" name="actionClassToHover">
    <skipped/>
  </testcase> <!-- actionClassToHover -->
</testsuite> <!-- skipATestCase.SkipATestCase -->
