<?xml version="1.0" encoding="UTF-8"?>
<!-- Generated by org.testng.reporters.JUnitReportReporter -->
<testsuite hostname="DESKTOP-D1M9H04" failures="0" tests="3" name="suiteExecution.SuiteExecution" time="14.816" errors="0" timestamp="2023-12-30T22:37:10 IST" skipped="0">
  <testcase classname="suiteExecution.SuiteExecution" name="OpenBing" time="5.160"/>
  <testcase classname="suiteExecution.SuiteExecution" name="OpenGoogle" time="3.638"/>
  <testcase classname="suiteExecution.SuiteExecution" name="Openyahoo" time="6.018"/>
</testsuite> <!-- suiteExecution.SuiteExecution -->
