<?xml version="1.0" encoding="UTF-8"?>
<!-- Generated by org.testng.reporters.JUnitReportReporter -->
<testsuite hostname="DESKTOP-D1M9H04" failures="0" tests="2" name="handleDependencies.HandleDependencies" time="23.626" errors="0" timestamp="2023-12-30T22:04:22 IST" skipped="0">
  <testcase classname="handleDependencies.HandleDependencies" name="openFacebook" time="8.391"/>
  <testcase classname="handleDependencies.HandleDependencies" name="enterRegistrationDetails" time="15.235"/>
</testsuite> <!-- handleDependencies.HandleDependencies -->
