<?xml version="1.0" encoding="UTF-8"?>
<!-- Generated by org.testng.reporters.JUnitReportReporter -->
<testsuite hostname="DESKTOP-D1M9H04" failures="0" tests="1" name="assertions.HardAssert$HardAssertions" time="9.144" errors="0" timestamp="2023-12-30T23:12:31 IST" skipped="0">
  <testcase classname="assertions.HardAssert$HardAssertions" name="softAssertion" time="9.144"/>
</testsuite> <!-- assertions.HardAssert$HardAssertions -->
