<?xml version="1.0" encoding="UTF-8"?>
<!-- Generated by org.testng.reporters.JUnitReportReporter -->
<testsuite hostname="DESKTOP-D1M9H04" failures="0" tests="2" name="setPriority.SetPriority" time="20.408" errors="0" timestamp="2023-12-30T22:40:10 IST" skipped="0">
  <testcase classname="setPriority.SetPriority" name="actionClassToHover" time="12.057"/>
  <testcase classname="setPriority.SetPriority" name="actionClassDragAndDrop" time="8.351"/>
</testsuite> <!-- setPriority.SetPriority -->
