<?xml version="1.0" encoding="UTF-8"?>
<!-- Generated by org.testng.reporters.JUnitReportReporter -->
<testsuite hostname="DESKTOP-D1M9H04" failures="0" tests="1" name="testAnnotation.TestAnnotation" time="21.237" errors="0" timestamp="2023-12-30T21:32:48 IST" skipped="0">
  <testcase classname="testAnnotation.TestAnnotation" name="actionClass" time="21.237"/>
</testsuite> <!-- testAnnotation.TestAnnotation -->
