<?xml version="1.0" encoding="UTF-8"?>
<!-- Generated by org.testng.reporters.JUnitReportReporter -->
<testsuite hostname="DESKTOP-D1M9H04" failures="0" tests="1" name="parameterization.Parameterization" time="9.375" errors="0" timestamp="2023-12-30T22:48:45 IST" skipped="0">
  <testcase classname="parameterization.Parameterization" name="openGoogle" time="9.375"/>
</testsuite> <!-- parameterization.Parameterization -->
